<?xml version="1.0" encoding="UTF-8"?>
<testsuite xmlns:xsi="http://www.w3.org/2001/XMLSchema-instance" xsi:noNamespaceSchemaLocation="https://maven.apache.org/surefire/maven-surefire-plugin/xsd/surefire-test-report.xsd" name="com.example.springbootapplication.BasicApplicationTests" time="0.435" tests="1" errors="0" skipped="1" failures="0">
  <properties>
[...]
</properties>
  <testcase name="contextLoads" classname="com.example.springbootapplication.BasicApplicationTests" time="0">
    <skipped/>
    <system-out><![CDATA[04:21:10.242 [main] DEBUG org.springframework.test.context.junit4.SpringJUnit4ClassRunner - SpringJUnit4ClassRunner constructor called with [class com.example.springbootapplication.BasicApplicationTests]
04:21:10.248 [main] DEBUG org.springframework.test.context.BootstrapUtils - Instantiating CacheAwareContextLoaderDelegate from class [org.springframework.test.context.cache.DefaultCacheAwareContextLoaderDelegate]
04:21:10.255 [main] DEBUG org.springframework.test.context.BootstrapUtils - Instantiating BootstrapContext using constructor [public org.springframework.test.context.support.DefaultBootstrapContext(java.lang.Class,org.springframework.test.context.CacheAwareContextLoaderDelegate)]
04:21:10.277 [main] DEBUG org.springframework.test.context.BootstrapUtils - Instantiating TestContextBootstrapper for test class [com.example.springbootapplication.BasicApplicationTests] from class [org.springframework.boot.test.context.SpringBootTestContextBootstrapper]
04:21:10.292 [main] INFO org.springframework.boot.test.context.SpringBootTestContextBootstrapper - Neither @ContextConfiguration nor @ContextHierarchy found for test class [com.example.springbootapplication.BasicApplicationTests], using SpringBootContextLoader
04:21:10.296 [main] DEBUG org.springframework.test.context.support.AbstractContextLoader - Did not detect default resource location for test class [com.example.springbootapplication.BasicApplicationTests]: class path resource [com/example/springbootapplication/BasicApplicationTests-context.xml] does not exist
04:21:10.297 [main] DEBUG org.springframework.test.context.support.AbstractContextLoader - Did not detect default resource location for test class [com.example.springbootapplication.BasicApplicationTests]: class path resource [com/example/springbootapplication/BasicApplicationTestsContext.groovy] does not exist
04:21:10.297 [main] INFO org.springframework.test.context.support.AbstractContextLoader - Could not detect default resource locations for test class [com.example.springbootapplication.BasicApplicationTests]: no resource found for suffixes {-context.xml, Context.groovy}.
04:21:10.298 [main] INFO org.springframework.test.context.support.AnnotationConfigContextLoaderUtils - Could not detect default configuration classes for test class [com.example.springbootapplication.BasicApplicationTests]: BasicApplicationTests does not declare any static, non-private, non-final, nested classes annotated with @Configuration.
04:21:10.335 [main] DEBUG org.springframework.test.context.support.ActiveProfilesUtils - Could not find an 'annotation declaring class' for annotation type [org.springframework.test.context.ActiveProfiles] and class [com.example.springbootapplication.BasicApplicationTests]
04:21:10.341 [main] DEBUG org.springframework.core.env.StandardEnvironment - Adding PropertySource 'systemProperties' with lowest search precedence
04:21:10.341 [main] DEBUG org.springframework.core.env.StandardEnvironment - Adding PropertySource 'systemEnvironment' with lowest search precedence
04:21:10.341 [main] DEBUG org.springframework.core.env.StandardEnvironment - Initialized StandardEnvironment with PropertySources [MapPropertySource@1348453796 {name='systemProperties', properties={java.specification.version=13, sun.jnu.encoding=UTF-8, java.class.path=/home/lucky/netbeansWorkspace/springbootKeycloak/BasicSpringbootProject/target/test-classes:/home/lucky/netbeansWorkspace/springbootKeycloak/BasicSpringbootProject/target/classes:/home/lucky/.m2/repository/org/springframework/boot/spring-boot-starter-web/2.0.1.RELEASE/spring-boot-starter-web-2.0.1.RELEASE.jar:/home/lucky/.m2/repository/org/springframework/boot/spring-boot-starter/2.0.1.RELEASE/spring-boot-starter-2.0.1.RELEASE.jar:/home/lucky/.m2/repository/org/springframework/boot/spring-boot-autoconfigure/2.0.1.RELEASE/spring-boot-autoconfigure-2.0.1.RELEASE.jar:/home/lucky/.m2/repository/org/springframework/boot/spring-boot-starter-logging/2.0.1.RELEASE/spring-boot-starter-logging-2.0.1.RELEASE.jar:/home/lucky/.m2/repository/ch/qos/logback/logback-classic/1.2.3/logback-classic-1.2.3.jar:/home/lucky/.m2/repository/ch/qos/logback/logback-core/1.2.3/logback-core-1.2.3.jar:/home/lucky/.m2/repository/org/apache/logging/log4j/log4j-to-slf4j/2.10.0/log4j-to-slf4j-2.10.0.jar:/home/lucky/.m2/repository/org/apache/logging/log4j/log4j-api/2.10.0/log4j-api-2.10.0.jar:/home/lucky/.m2/repository/org/slf4j/jul-to-slf4j/1.7.25/jul-to-slf4j-1.7.25.jar:/home/lucky/.m2/repository/javax/annotation/javax.annotation-api/1.3.2/javax.annotation-api-1.3.2.jar:/home/lucky/.m2/repository/org/yaml/snakeyaml/1.19/snakeyaml-1.19.jar:/home/lucky/.m2/repository/org/springframework/boot/spring-boot-starter-json/2.0.1.RELEASE/spring-boot-starter-json-2.0.1.RELEASE.jar:/home/lucky/.m2/repository/com/fasterxml/jackson/core/jackson-databind/2.9.5/jackson-databind-2.9.5.jar:/home/lucky/.m2/repository/com/fasterxml/jackson/core/jackson-annotations/2.9.0/jackson-annotations-2.9.0.jar:/home/lucky/.m2/repository/com/fasterxml/jackson/core/jackson-core/2.9.5/jackson-core-2.9.5.jar:/home/lucky/.m2/repository/com/fasterxml/jackson/datatype/jackson-datatype-jdk8/2.9.5/jackson-datatype-jdk8-2.9.5.jar:/home/lucky/.m2/repository/com/fasterxml/jackson/datatype/jackson-datatype-jsr310/2.9.5/jackson-datatype-jsr310-2.9.5.jar:/home/lucky/.m2/repository/com/fasterxml/jackson/module/jackson-module-parameter-names/2.9.5/jackson-module-parameter-names-2.9.5.jar:/home/lucky/.m2/repository/org/hibernate/validator/hibernate-validator/6.0.9.Final/hibernate-validator-6.0.9.Final.jar:/home/lucky/.m2/repository/javax/validation/validation-api/2.0.1.Final/validation-api-2.0.1.Final.jar:/home/lucky/.m2/repository/org/jboss/logging/jboss-logging/3.3.2.Final/jboss-logging-3.3.2.Final.jar:/home/lucky/.m2/repository/com/fasterxml/classmate/1.3.4/classmate-1.3.4.jar:/home/lucky/.m2/repository/org/springframework/spring-webmvc/5.0.5.RELEASE/spring-webmvc-5.0.5.RELEASE.jar:/home/lucky/.m2/repository/org/springframework/spring-aop/5.0.5.RELEASE/spring-aop-5.0.5.RELEASE.jar:/home/lucky/.m2/repository/org/springframework/spring-context/5.0.5.RELEASE/spring-context-5.0.5.RELEASE.jar:/home/lucky/.m2/repository/org/springframework/spring-expression/5.0.5.RELEASE/spring-expression-5.0.5.RELEASE.jar:/home/lucky/.m2/repository/org/postgresql/postgresql/42.2.2/postgresql-42.2.2.jar:/home/lucky/.m2/repository/javax/servlet/javax.servlet-api/3.1.0/javax.servlet-api-3.1.0.jar:/home/lucky/.m2/repository/org/springframework/boot/spring-boot-starter-data-jpa/2.0.1.RELEASE/spring-boot-starter-data-jpa-2.0.1.RELEASE.jar:/home/lucky/.m2/repository/org/springframework/boot/spring-boot-starter-aop/2.0.1.RELEASE/spring-boot-starter-aop-2.0.1.RELEASE.jar:/home/lucky/.m2/repository/org/aspectj/aspectjweaver/1.8.13/aspectjweaver-1.8.13.jar:/home/lucky/.m2/repository/org/springframework/boot/spring-boot-starter-jdbc/2.0.1.RELEASE/spring-boot-starter-jdbc-2.0.1.RELEASE.jar:/home/lucky/.m2/repository/com/zaxxer/HikariCP/2.7.8/HikariCP-2.7.8.jar:/home/lucky/.m2/repository/org/springframework/spring-jdbc/5.0.5.RELEASE/spring-jdbc-5.0.5.RELEASE.jar:/home/lucky/.m2/repository/org/hibernate/hibernate-core/5.2.16.Final/hibernate-core-5.2.16.Final.jar:/home/lucky/.m2/repository/org/hibernate/javax/persistence/hibernate-jpa-2.1-api/1.0.0.Final/hibernate-jpa-2.1-api-1.0.0.Final.jar:/home/lucky/.m2/repository/org/javassist/javassist/3.22.0-GA/javassist-3.22.0-GA.jar:/home/lucky/.m2/repository/antlr/antlr/2.7.7/antlr-2.7.7.jar:/home/lucky/.m2/repository/org/jboss/jandex/2.0.3.Final/jandex-2.0.3.Final.jar:/home/lucky/.m2/repository/dom4j/dom4j/1.6.1/dom4j-1.6.1.jar:/home/lucky/.m2/repository/org/hibernate/common/hibernate-commons-annotations/5.0.1.Final/hibernate-commons-annotations-5.0.1.Final.jar:/home/lucky/.m2/repository/javax/transaction/javax.transaction-api/1.2/javax.transaction-api-1.2.jar:/home/lucky/.m2/repository/org/springframework/data/spring-data-jpa/2.0.6.RELEASE/spring-data-jpa-2.0.6.RELEASE.jar:/home/lucky/.m2/repository/org/springframework/data/spring-data-commons/2.0.6.RELEASE/spring-data-commons-2.0.6.RELEASE.jar:/home/lucky/.m2/repository/org/springframework/spring-orm/5.0.5.RELEASE/spring-orm-5.0.5.RELEASE.jar:/home/lucky/.m2/repository/org/springframework/spring-tx/5.0.5.RELEASE/spring-tx-5.0.5.RELEASE.jar:/home/lucky/.m2/repository/org/slf4j/slf4j-api/1.7.25/slf4j-api-1.7.25.jar:/home/lucky/.m2/repository/org/springframework/spring-aspects/5.0.5.RELEASE/spring-aspects-5.0.5.RELEASE.jar:/home/lucky/.m2/repository/org/springframework/spring-test/5.0.5.RELEASE/spring-test-5.0.5.RELEASE.jar:/home/lucky/.m2/repository/org/springframework/spring-core/5.0.5.RELEASE/spring-core-5.0.5.RELEASE.jar:/home/lucky/.m2/repository/org/springframework/spring-jcl/5.0.5.RELEASE/spring-jcl-5.0.5.RELEASE.jar:/home/lucky/.m2/repository/org/springframework/boot/spring-boot-test/2.0.1.RELEASE/spring-boot-test-2.0.1.RELEASE.jar:/home/lucky/.m2/repository/org/springframework/boot/spring-boot/2.0.1.RELEASE/spring-boot-2.0.1.RELEASE.jar:/home/lucky/.m2/repository/junit/junit/4.12/junit-4.12.jar:/home/lucky/.m2/repository/org/hamcrest/hamcrest-core/1.3/hamcrest-core-1.3.jar:/home/lucky/.m2/repository/javax/ejb/ejb-api/3.0/ejb-api-3.0.jar:/home/lucky/.m2/repository/org/springframework/spring-web/5.0.5.RELEASE/spring-web-5.0.5.RELEASE.jar:/home/lucky/.m2/repository/org/springframework/spring-beans/5.0.5.RELEASE/spring-beans-5.0.5.RELEASE.jar:/home/lucky/.m2/repository/commons-httpclient/commons-httpclient/3.0.1/commons-httpclient-3.0.1.jar:/home/lucky/.m2/repository/commons-logging/commons-logging/1.0.3/commons-logging-1.0.3.jar:/home/lucky/.m2/repository/commons-codec/commons-codec/1.11/commons-codec-1.11.jar:/home/lucky/.m2/repository/javax/javaee-api/7.0/javaee-api-7.0.jar:/home/lucky/.m2/repository/com/sun/mail/javax.mail/1.6.1/javax.mail-1.6.1.jar:/home/lucky/.m2/repository/javax/activation/activation/1.1/activation-1.1.jar:, java.vm.vendor=Private Build, sun.arch.data.model=64, java.vendor.url=Unknown, user.timezone=Europe/Paris, java.vm.specification.version=13, os.name=Linux, user.country=FR, sun.java.launcher=SUN_STANDARD, sun.boot.library.path=/usr/lib/jvm/java-13-openjdk-amd64/lib, sun.java.command=/home/lucky/netbeansWorkspace/springbootKeycloak/BasicSpringbootProject/target/surefire/surefirebooter7587658096997500742.jar /home/lucky/netbeansWorkspace/springbootKeycloak/BasicSpringbootProject/target/surefire 2022-09-14T04-21-09_628-jvmRun1 surefire2878067009055420251tmp surefire_0817942434780999198tmp, jdk.debug=release, surefire.test.class.path=/home/lucky/netbeansWorkspace/springbootKeycloak/BasicSpringbootProject/target/test-classes:/home/lucky/netbeansWorkspace/springbootKeycloak/BasicSpringbootProject/target/classes:/home/lucky/.m2/repository/org/springframework/boot/spring-boot-starter-web/2.0.1.RELEASE/spring-boot-starter-web-2.0.1.RELEASE.jar:/home/lucky/.m2/repository/org/springframework/boot/spring-boot-starter/2.0.1.RELEASE/spring-boot-starter-2.0.1.RELEASE.jar:/home/lucky/.m2/repository/org/springframework/boot/spring-boot-autoconfigure/2.0.1.RELEASE/spring-boot-autoconfigure-2.0.1.RELEASE.jar:/home/lucky/.m2/repository/org/springframework/boot/spring-boot-starter-logging/2.0.1.RELEASE/spring-boot-starter-logging-2.0.1.RELEASE.jar:/home/lucky/.m2/repository/ch/qos/logback/logback-classic/1.2.3/logback-classic-1.2.3.jar:/home/lucky/.m2/repository/ch/qos/logback/logback-core/1.2.3/logback-core-1.2.3.jar:/home/lucky/.m2/repository/org/apache/logging/log4j/log4j-to-slf4j/2.10.0/log4j-to-slf4j-2.10.0.jar:/home/lucky/.m2/repository/org/apache/logging/log4j/log4j-api/2.10.0/log4j-api-2.10.0.jar:/home/lucky/.m2/repository/org/slf4j/jul-to-slf4j/1.7.25/jul-to-slf4j-1.7.25.jar:/home/lucky/.m2/repository/javax/annotation/javax.annotation-api/1.3.2/javax.annotation-api-1.3.2.jar:/home/lucky/.m2/repository/org/yaml/snakeyaml/1.19/snakeyaml-1.19.jar:/home/lucky/.m2/repository/org/springframework/boot/spring-boot-starter-json/2.0.1.RELEASE/spring-boot-starter-json-2.0.1.RELEASE.jar:/home/lucky/.m2/repository/com/fasterxml/jackson/core/jackson-databind/2.9.5/jackson-databind-2.9.5.jar:/home/lucky/.m2/repository/com/fasterxml/jackson/core/jackson-annotations/2.9.0/jackson-annotations-2.9.0.jar:/home/lucky/.m2/repository/com/fasterxml/jackson/core/jackson-core/2.9.5/jackson-core-2.9.5.jar:/home/lucky/.m2/repository/com/fasterxml/jackson/datatype/jackson-datatype-jdk8/2.9.5/jackson-datatype-jdk8-2.9.5.jar:/home/lucky/.m2/repository/com/fasterxml/jackson/datatype/jackson-datatype-jsr310/2.9.5/jackson-datatype-jsr310-2.9.5.jar:/home/lucky/.m2/repository/com/fasterxml/jackson/module/jackson-module-parameter-names/2.9.5/jackson-module-parameter-names-2.9.5.jar:/home/lucky/.m2/repository/org/hibernate/validator/hibernate-validator/6.0.9.Final/hibernate-validator-6.0.9.Final.jar:/home/lucky/.m2/repository/javax/validation/validation-api/2.0.1.Final/validation-api-2.0.1.Final.jar:/home/lucky/.m2/repository/org/jboss/logging/jboss-logging/3.3.2.Final/jboss-logging-3.3.2.Final.jar:/home/lucky/.m2/repository/com/fasterxml/classmate/1.3.4/classmate-1.3.4.jar:/home/lucky/.m2/repository/org/springframework/spring-webmvc/5.0.5.RELEASE/spring-webmvc-5.0.5.RELEASE.jar:/home/lucky/.m2/repository/org/springframework/spring-aop/5.0.5.RELEASE/spring-aop-5.0.5.RELEASE.jar:/home/lucky/.m2/repository/org/springframework/spring-context/5.0.5.RELEASE/spring-context-5.0.5.RELEASE.jar:/home/lucky/.m2/repository/org/springframework/spring-expression/5.0.5.RELEASE/spring-expression-5.0.5.RELEASE.jar:/home/lucky/.m2/repository/org/postgresql/postgresql/42.2.2/postgresql-42.2.2.jar:/home/lucky/.m2/repository/javax/servlet/javax.servlet-api/3.1.0/javax.servlet-api-3.1.0.jar:/home/lucky/.m2/repository/org/springframework/boot/spring-boot-starter-data-jpa/2.0.1.RELEASE/spring-boot-starter-data-jpa-2.0.1.RELEASE.jar:/home/lucky/.m2/repository/org/springframework/boot/spring-boot-starter-aop/2.0.1.RELEASE/spring-boot-starter-aop-2.0.1.RELEASE.jar:/home/lucky/.m2/repository/org/aspectj/aspectjweaver/1.8.13/aspectjweaver-1.8.13.jar:/home/lucky/.m2/repository/org/springframework/boot/spring-boot-starter-jdbc/2.0.1.RELEASE/spring-boot-starter-jdbc-2.0.1.RELEASE.jar:/home/lucky/.m2/repository/com/zaxxer/HikariCP/2.7.8/HikariCP-2.7.8.jar:/home/lucky/.m2/repository/org/springframework/spring-jdbc/5.0.5.RELEASE/spring-jdbc-5.0.5.RELEASE.jar:/home/lucky/.m2/repository/org/hibernate/hibernate-core/5.2.16.Final/hibernate-core-5.2.16.Final.jar:/home/lucky/.m2/repository/org/hibernate/javax/persistence/hibernate-jpa-2.1-api/1.0.0.Final/hibernate-jpa-2.1-api-1.0.0.Final.jar:/home/lucky/.m2/repository/org/javassist/javassist/3.22.0-GA/javassist-3.22.0-GA.jar:/home/lucky/.m2/repository/antlr/antlr/2.7.7/antlr-2.7.7.jar:/home/lucky/.m2/repository/org/jboss/jandex/2.0.3.Final/jandex-2.0.3.Final.jar:/home/lucky/.m2/repository/dom4j/dom4j/1.6.1/dom4j-1.6.1.jar:/home/lucky/.m2/repository/org/hibernate/common/hibernate-commons-annotations/5.0.1.Final/hibernate-commons-annotations-5.0.1.Final.jar:/home/lucky/.m2/repository/javax/transaction/javax.transaction-api/1.2/javax.transaction-api-1.2.jar:/home/lucky/.m2/repository/org/springframework/data/spring-data-jpa/2.0.6.RELEASE/spring-data-jpa-2.0.6.RELEASE.jar:/home/lucky/.m2/repository/org/springframework/data/spring-data-commons/2.0.6.RELEASE/spring-data-commons-2.0.6.RELEASE.jar:/home/lucky/.m2/repository/org/springframework/spring-orm/5.0.5.RELEASE/spring-orm-5.0.5.RELEASE.jar:/home/lucky/.m2/repository/org/springframework/spring-tx/5.0.5.RELEASE/spring-tx-5.0.5.RELEASE.jar:/home/lucky/.m2/repository/org/slf4j/slf4j-api/1.7.25/slf4j-api-1.7.25.jar:/home/lucky/.m2/repository/org/springframework/spring-aspects/5.0.5.RELEASE/spring-aspects-5.0.5.RELEASE.jar:/home/lucky/.m2/repository/org/springframework/spring-test/5.0.5.RELEASE/spring-test-5.0.5.RELEASE.jar:/home/lucky/.m2/repository/org/springframework/spring-core/5.0.5.RELEASE/spring-core-5.0.5.RELEASE.jar:/home/lucky/.m2/repository/org/springframework/spring-jcl/5.0.5.RELEASE/spring-jcl-5.0.5.RELEASE.jar:/home/lucky/.m2/repository/org/springframework/boot/spring-boot-test/2.0.1.RELEASE/spring-boot-test-2.0.1.RELEASE.jar:/home/lucky/.m2/repository/org/springframework/boot/spring-boot/2.0.1.RELEASE/spring-boot-2.0.1.RELEASE.jar:/home/lucky/.m2/repository/junit/junit/4.12/junit-4.12.jar:/home/lucky/.m2/repository/org/hamcrest/hamcrest-core/1.3/hamcrest-core-1.3.jar:/home/lucky/.m2/repository/javax/ejb/ejb-api/3.0/ejb-api-3.0.jar:/home/lucky/.m2/repository/org/springframework/spring-web/5.0.5.RELEASE/spring-web-5.0.5.RELEASE.jar:/home/lucky/.m2/repository/org/springframework/spring-beans/5.0.5.RELEASE/spring-beans-5.0.5.RELEASE.jar:/home/lucky/.m2/repository/commons-httpclient/commons-httpclient/3.0.1/commons-httpclient-3.0.1.jar:/home/lucky/.m2/repository/commons-logging/commons-logging/1.0.3/commons-logging-1.0.3.jar:/home/lucky/.m2/repository/commons-codec/commons-codec/1.11/commons-codec-1.11.jar:/home/lucky/.m2/repository/javax/javaee-api/7.0/javaee-api-7.0.jar:/home/lucky/.m2/repository/com/sun/mail/javax.mail/1.6.1/javax.mail-1.6.1.jar:/home/lucky/.m2/repository/javax/activation/activation/1.1/activation-1.1.jar:, sun.cpu.endian=little, user.home=/home/lucky, user.language=fr, java.specification.vendor=Oracle Corporation, java.version.date=2021-04-20, java.home=/usr/lib/jvm/java-13-openjdk-amd64, file.separator=/, basedir=/home/lucky/netbeansWorkspace/springbootKeycloak/BasicSpringbootProject, java.vm.compressedOopsMode=Zero based, line.separator=
, java.specification.name=Java Platform API Specification, java.vm.specification.vendor=Oracle Corporation, surefire.real.class.path=/home/lucky/netbeansWorkspace/springbootKeycloak/BasicSpringbootProject/target/surefire/surefirebooter7587658096997500742.jar, sun.management.compiler=HotSpot 64-Bit Tiered Compilers, java.runtime.version=13.0.7+5-Ubuntu-0ubuntu120.04, user.name=lucky, path.separator=:, os.version=5.4.0-121-generic, java.runtime.name=OpenJDK Runtime Environment, file.encoding=UTF-8, java.vm.name=OpenJDK 64-Bit Server VM, maven.ext.class.path=/home/lucky/Téléchargements/netbeans/java/maven-nblib/netbeans-eventspy.jar, localRepository=/home/lucky/.m2/repository, java.vendor.url.bug=Unknown, java.io.tmpdir=/tmp, java.version=13.0.7, user.dir=/home/lucky/netbeansWorkspace/springbootKeycloak/BasicSpringbootProject, os.arch=amd64, java.vm.specification.name=Java Virtual Machine Specification, java.library.path=/usr/java/packages/lib:/usr/lib/x86_64-linux-gnu/jni:/lib/x86_64-linux-gnu:/usr/lib/x86_64-linux-gnu:/usr/lib/jni:/lib:/usr/lib, java.vm.info=mixed mode, java.vendor=Private Build, java.vm.version=13.0.7+5-Ubuntu-0ubuntu120.04, sun.io.unicode.encoding=UnicodeLittle, java.class.version=57.0}}, SystemEnvironmentPropertySource@1606286799 {name='systemEnvironment', properties={PATH=/usr/local/sbin:/usr/local/bin:/usr/sbin:/usr/bin:/sbin:/bin:/usr/games:/usr/local/games:/snap/bin, XAUTHORITY=/home/lucky/.Xauthority, XDG_DATA_DIRS=/usr/share/gnome:/usr/share/cinnamon:/home/lucky/.local/share/flatpak/exports/share:/var/lib/flatpak/exports/share:/usr/local/share:/usr/share, GDMSESSION=cinnamon, DBUS_SESSION_BUS_ADDRESS=unix:path=/run/user/1000/bus, XDG_CURRENT_DESKTOP=X-Cinnamon, NB_EXEC_MAVEN_PROCESS_UUID=2f4ac984-ae5c-4090-91a0-e63842228c32, INSIDE_NEMO_PYTHON=, SSH_AGENT_PID=1369, SESSION_MANAGER=local/u43:@/tmp/.ICE-unix/1241,unix/u43:/tmp/.ICE-unix/1241, LOGNAME=lucky, PWD=/home/lucky/netbeansWorkspace/springbootKeycloak/BasicSpringbootProject, LANGUAGE=fr_FR, GJS_DEBUG_TOPICS=JS ERROR;JS LOG, SHELL=/bin/bash, GIO_LAUNCHED_DESKTOP_FILE=/usr/share/applications/nemo.desktop, OLDPWD=/home/lucky/netbeansWorkspace/springbootKeycloak/BasicSpringbootProject, GNOME_DESKTOP_SESSION_ID=this-is-deprecated, GTK_MODULES=gail:atk-bridge, XDG_SESSION_PATH=/org/freedesktop/DisplayManager/Session0, M2_HOME=/home/lucky/Téléchargements/netbeans/java/maven, XDG_SESSION_DESKTOP=cinnamon, SHLVL=0, J2D_PIXMAPS=shared, JAVA_HOME=/usr/lib/jvm/java-13-openjdk-amd64, XDG_CONFIG_DIRS=/etc/xdg/xdg-cinnamon:/etc/xdg, LANG=fr_FR.UTF-8, XDG_SEAT_PATH=/org/freedesktop/DisplayManager/Seat0, XDG_SESSION_ID=c1, XDG_SESSION_TYPE=x11, DISPLAY=:0, CINNAMON_VERSION=5.2.7, MAVEN_CMD_LINE_ARGS= -Dmaven.ext.class.path=/home/lucky/Téléchargements/netbeans/java/maven-nblib/netbeans-eventspy.jar clean install, XDG_SESSION_CLASS=user, _=/usr/lib/jvm/java-13-openjdk-amd64/bin/java, GDM_LANG=fr_FR, GTK3_MODULES=xapp-gtk3-module, XDG_GREETER_DATA_DIR=/var/lib/lightdm-data/lucky, GPG_AGENT_INFO=/run/user/1000/gnupg/S.gpg-agent:0:1, MAVEN_PROJECTBASEDIR=/home/lucky/netbeansWorkspace/springbootKeycloak/BasicSpringbootProject, DESKTOP_SESSION=cinnamon, USER=lucky, GTK_CSD=0, GIO_LAUNCHED_DESKTOP_FILE_PID=6186, QT_ACCESSIBILITY=1, GJS_DEBUG_OUTPUT=stderr, SSH_AUTH_SOCK=/run/user/1000/keyring/ssh, XDG_SEAT=seat0, GTK_OVERLAY_SCROLLING=1, QT_QPA_PLATFORMTHEME=qt5ct, LD_PRELOAD=libgtk3-nocsd.so.0, XDG_VTNR=7, XDG_RUNTIME_DIR=/run/user/1000, HOME=/home/lucky}}]
04:21:10.354 [main] DEBUG org.springframework.core.io.support.PathMatchingResourcePatternResolver - Resolved classpath location [com/example/springbootapplication/] to resources [URL [file:/home/lucky/netbeansWorkspace/springbootKeycloak/BasicSpringbootProject/target/test-classes/com/example/springbootapplication/], URL [file:/home/lucky/netbeansWorkspace/springbootKeycloak/BasicSpringbootProject/target/classes/com/example/springbootapplication/]]
04:21:10.354 [main] DEBUG org.springframework.core.io.support.PathMatchingResourcePatternResolver - Looking for matching resources in directory tree [/home/lucky/netbeansWorkspace/springbootKeycloak/BasicSpringbootProject/target/test-classes/com/example/springbootapplication]
04:21:10.354 [main] DEBUG org.springframework.core.io.support.PathMatchingResourcePatternResolver - Searching directory [/home/lucky/netbeansWorkspace/springbootKeycloak/BasicSpringbootProject/target/test-classes/com/example/springbootapplication] for files matching pattern [/home/lucky/netbeansWorkspace/springbootKeycloak/BasicSpringbootProject/target/test-classes/com/example/springbootapplication/*.class]
04:21:10.358 [main] DEBUG org.springframework.core.io.support.PathMatchingResourcePatternResolver - Looking for matching resources in directory tree [/home/lucky/netbeansWorkspace/springbootKeycloak/BasicSpringbootProject/target/classes/com/example/springbootapplication]
04:21:10.358 [main] DEBUG org.springframework.core.io.support.PathMatchingResourcePatternResolver - Searching directory [/home/lucky/netbeansWorkspace/springbootKeycloak/BasicSpringbootProject/target/classes/com/example/springbootapplication] for files matching pattern [/home/lucky/netbeansWorkspace/springbootKeycloak/BasicSpringbootProject/target/classes/com/example/springbootapplication/*.class]
04:21:10.360 [main] DEBUG org.springframework.core.io.support.PathMatchingResourcePatternResolver - Resolved location pattern [classpath*:com/example/springbootapplication/*.class] to resources [file [/home/lucky/netbeansWorkspace/springbootKeycloak/BasicSpringbootProject/target/test-classes/com/example/springbootapplication/BasicApplicationTests.class], file [/home/lucky/netbeansWorkspace/springbootKeycloak/BasicSpringbootProject/target/classes/com/example/springbootapplication/BasicApplication.class], file [/home/lucky/netbeansWorkspace/springbootKeycloak/BasicSpringbootProject/target/classes/com/example/springbootapplication/ServletInitializer.class]]
04:21:10.405 [main] DEBUG org.springframework.context.annotation.ClassPathScanningCandidateComponentProvider - Identified candidate component class: file [/home/lucky/netbeansWorkspace/springbootKeycloak/BasicSpringbootProject/target/classes/com/example/springbootapplication/BasicApplication.class]
04:21:10.406 [main] INFO org.springframework.boot.test.context.SpringBootTestContextBootstrapper - Found @SpringBootConfiguration com.example.springbootapplication.BasicApplication for test class com.example.springbootapplication.BasicApplicationTests
04:21:10.490 [main] DEBUG org.springframework.boot.test.context.SpringBootTestContextBootstrapper - @TestExecutionListeners is not present for class [com.example.springbootapplication.BasicApplicationTests]: using defaults.
04:21:10.491 [main] INFO org.springframework.boot.test.context.SpringBootTestContextBootstrapper - Loaded default TestExecutionListener class names from location [META-INF/spring.factories]: [org.springframework.test.context.web.ServletTestExecutionListener, org.springframework.test.context.support.DirtiesContextBeforeModesTestExecutionListener, org.springframework.test.context.support.DependencyInjectionTestExecutionListener, org.springframework.test.context.support.DirtiesContextTestExecutionListener, org.springframework.test.context.transaction.TransactionalTestExecutionListener, org.springframework.test.context.jdbc.SqlScriptsTestExecutionListener, org.springframework.boot.test.mock.mockito.MockitoTestExecutionListener, org.springframework.boot.test.mock.mockito.ResetMocksTestExecutionListener]
04:21:10.503 [main] INFO org.springframework.boot.test.context.SpringBootTestContextBootstrapper - Using TestExecutionListeners: [org.springframework.test.context.web.ServletTestExecutionListener@68d279ec, org.springframework.test.context.support.DirtiesContextBeforeModesTestExecutionListener@258d79be, org.springframework.boot.test.mock.mockito.MockitoTestExecutionListener@14f9390f, org.springframework.test.context.support.DependencyInjectionTestExecutionListener@6c0d7c83, org.springframework.test.context.support.DirtiesContextTestExecutionListener@176b75f7, org.springframework.test.context.transaction.TransactionalTestExecutionListener@5965be2d, org.springframework.test.context.jdbc.SqlScriptsTestExecutionListener@409c54f, org.springframework.boot.test.mock.mockito.ResetMocksTestExecutionListener@3e74829]
04:21:10.504 [main] DEBUG org.springframework.test.annotation.ProfileValueUtils - Retrieved @ProfileValueSourceConfiguration [null] for test class [com.example.springbootapplication.BasicApplicationTests]
04:21:10.504 [main] DEBUG org.springframework.test.annotation.ProfileValueUtils - Retrieved ProfileValueSource type [class org.springframework.test.annotation.SystemProfileValueSource] for class [com.example.springbootapplication.BasicApplicationTests]
04:21:10.505 [main] DEBUG org.springframework.test.annotation.ProfileValueUtils - Retrieved @ProfileValueSourceConfiguration [null] for test class [com.example.springbootapplication.BasicApplicationTests]
04:21:10.506 [main] DEBUG org.springframework.test.annotation.ProfileValueUtils - Retrieved ProfileValueSource type [class org.springframework.test.annotation.SystemProfileValueSource] for class [com.example.springbootapplication.BasicApplicationTests]
04:21:10.506 [main] DEBUG org.springframework.test.annotation.ProfileValueUtils - Retrieved @ProfileValueSourceConfiguration [null] for test class [com.example.springbootapplication.BasicApplicationTests]
04:21:10.506 [main] DEBUG org.springframework.test.annotation.ProfileValueUtils - Retrieved ProfileValueSource type [class org.springframework.test.annotation.SystemProfileValueSource] for class [com.example.springbootapplication.BasicApplicationTests]
]]></system-out>
  </testcase>
</testsuite>